[    0.000000] Initializing cgroup subsys cpuset
[    0.000000] Initializing cgroup subsys cpu
[    0.000000] Initializing cgroup subsys cpuacct
[    0.000000] Linux version 4.4.0-169-generic (buildd@lgw01-amd64-038) (gcc version 5.4.0 20160609 (Ubuntu 5.4.0-6ubuntu1~16.04.12) ) #198-Ubuntu SMP Tue Nov 12 10:38:00 UTC 2019 (Ubuntu 4.4.0-169.198-generic 4.4.197)
[    0.000000] Command line: BOOT_IMAGE=/boot/vmlinuz-4.4.0-169-generic root=LABEL=cloudimg-rootfs ro console=tty1 console=ttyS0
[    0.000000] KERNEL supported cpus:
[    0.000000]   Intel GenuineIntel
[    0.000000]   AMD AuthenticAMD
[    0.000000]   Centaur CentaurHauls
[    0.000000] x86/fpu: Supporting XSAVE feature 0x01: 'x87 floating point registers'
[    0.000000] x86/fpu: Supporting XSAVE feature 0x02: 'SSE registers'
[    0.000000] x86/fpu: Enabled xstate features 0x3, context size is 576 bytes, using 'standard' format.
[    0.000000] e820: BIOS-provided physical RAM map:
[    0.000000] BIOS-e820: [mem 0x0000000000000000-0x000000000009fbff] usable
[    0.000000] BIOS-e820: [mem 0x000000000009fc00-0x000000000009ffff] reserved
[    0.000000] BIOS-e820: [mem 0x00000000000f0000-0x00000000000fffff] reserved
[    0.000000] BIOS-e820: [mem 0x0000000000100000-0x000000002cfeffff] usable
[    0.000000] BIOS-e820: [mem 0x000000002cff0000-0x000000002cffffff] ACPI data
[    0.000000] BIOS-e820: [mem 0x00000000fec00000-0x00000000fec00fff] reserved
[    0.000000] BIOS-e820: [mem 0x00000000fee00000-0x00000000fee00fff] reserved
[    0.000000] BIOS-e820: [mem 0x00000000fffc0000-0x00000000ffffffff] reserved
[    0.000000] NX (Execute Disable) protection: active
[    0.000000] SMBIOS 2.5 present.
[    0.000000] Hypervisor detected: KVM
[    0.000000] e820: last_pfn = 0x2cff0 max_arch_pfn = 0x400000000
[    0.000000] MTRR: Disabled
[    0.000000] x86/PAT: MTRRs disabled, skipping PAT initialization too.
[    0.000000] CPU MTRRs all blank - virtualized system.
[    0.000000] x86/PAT: Configuration [0-7]: WB  WT  UC- UC  WB  WT  UC- UC  
[    0.000000] found SMP MP-table at [mem 0x0009fff0-0x0009ffff] mapped at [ffff88000009fff0]
[    0.000000] Scanning 1 areas for low memory corruption
[    0.000000] RAMDISK: [mem 0x2b8d3000-0x2c74ffff]
[    0.000000] ACPI: Early table checksum verification disabled
[    0.000000] ACPI: RSDP 0x00000000000E0000 000024 (v02 VBOX  )
[    0.000000] ACPI: XSDT 0x000000002CFF0030 00003C (v01 VBOX   VBOXXSDT 00000001 ASL  00000061)
[    0.000000] ACPI: FACP 0x000000002CFF00F0 0000F4 (v04 VBOX   VBOXFACP 00000001 ASL  00000061)
[    0.000000] ACPI: DSDT 0x000000002CFF0470 0021FF (v02 VBOX   VBOXBIOS 00000002 INTL 20100528)
[    0.000000] ACPI: FACS 0x000000002CFF0200 000040
[    0.000000] ACPI: FACS 0x000000002CFF0200 000040
[    0.000000] ACPI: APIC 0x000000002CFF0240 000054 (v02 VBOX   VBOXAPIC 00000001 ASL  00000061)
[    0.000000] ACPI: SSDT 0x000000002CFF02A0 0001CC (v01 VBOX   VBOXCPUT 00000002 INTL 20100528)
[    0.000000] No NUMA configuration found
[    0.000000] Faking a node at [mem 0x0000000000000000-0x000000002cfeffff]
[    0.000000] NODE_DATA(0) allocated [mem 0x2cfeb000-0x2cfeffff]
[    0.000000] kvm-clock: Using msrs 4b564d01 and 4b564d00
[    0.000000] kvm-clock: cpu 0, msr 0:2cfe3001, primary cpu clock
[    0.000000] kvm-clock: using sched offset of 9796083754 cycles
[    0.000000] clocksource: kvm-clock: mask: 0xffffffffffffffff max_cycles: 0x1cd42e4dffb, max_idle_ns: 881590591483 ns
[    0.000000] Zone ranges:
[    0.000000]   DMA      [mem 0x0000000000001000-0x0000000000ffffff]
[    0.000000]   DMA32    [mem 0x0000000001000000-0x000000002cfeffff]
[    0.000000]   Normal   empty
[    0.000000]   Device   empty
[    0.000000] Movable zone start for each node
[    0.000000] Early memory node ranges
[    0.000000]   node   0: [mem 0x0000000000001000-0x000000000009efff]
[    0.000000]   node   0: [mem 0x0000000000100000-0x000000002cfeffff]
[    0.000000] Initmem setup node 0 [mem 0x0000000000001000-0x000000002cfeffff]
[    0.000000] ACPI: PM-Timer IO Port: 0x4008
[    0.000000] IOAPIC[0]: apic_id 1, version 32, address 0xfec00000, GSI 0-23
[    0.000000] ACPI: INT_SRC_OVR (bus 0 bus_irq 0 global_irq 2 dfl dfl)
[    0.000000] ACPI: INT_SRC_OVR (bus 0 bus_irq 9 global_irq 9 high level)
[    0.000000] Using ACPI (MADT) for SMP configuration information
[    0.000000] smpboot: Allowing 1 CPUs, 0 hotplug CPUs
[    0.000000] PM: Registered nosave memory: [mem 0x00000000-0x00000fff]
[    0.000000] PM: Registered nosave memory: [mem 0x0009f000-0x0009ffff]
[    0.000000] PM: Registered nosave memory: [mem 0x000a0000-0x000effff]
[    0.000000] PM: Registered nosave memory: [mem 0x000f0000-0x000fffff]
[    0.000000] e820: [mem 0x2d000000-0xfebfffff] available for PCI devices
[    0.000000] Booting paravirtualized kernel on KVM
[    0.000000] clocksource: refined-jiffies: mask: 0xffffffff max_cycles: 0xffffffff, max_idle_ns: 7645519600211568 ns
[    0.000000] setup_percpu: NR_CPUS:512 nr_cpumask_bits:512 nr_cpu_ids:1 nr_node_ids:1
[    0.000000] PERCPU: Embedded 33 pages/cpu @ffff88002cc00000 s95448 r8192 d31528 u2097152
[    0.000000] Built 1 zonelists in Node order, mobility grouping on.  Total pages: 181304
[    0.000000] Policy zone: DMA32
[    0.000000] Kernel command line: BOOT_IMAGE=/boot/vmlinuz-4.4.0-169-generic root=LABEL=cloudimg-rootfs ro console=tty1 console=ttyS0
[    0.000000] PID hash table entries: 4096 (order: 3, 32768 bytes)
[    0.000000] Memory: 690652K/736824K available (8623K kernel code, 1336K rwdata, 4036K rodata, 1488K init, 1288K bss, 46172K reserved, 0K cma-reserved)
[    0.000000] SLUB: HWalign=64, Order=0-3, MinObjects=0, CPUs=1, Nodes=1
[    0.000000] Kernel/User page tables isolation: enabled
[    0.000000] Hierarchical RCU implementation.
[    0.000000] 	Build-time adjustment of leaf fanout to 64.
[    0.000000] 	RCU restricting CPUs from NR_CPUS=512 to nr_cpu_ids=1.
[    0.000000] RCU: Adjusting geometry for rcu_fanout_leaf=64, nr_cpu_ids=1
[    0.000000] NR_IRQS:33024 nr_irqs:256 16
[    0.000000] Console: colour VGA+ 80x25
[    0.000000] console [tty1] enabled
[    0.000000] console [ttyS0] enabled
[    0.000000] tsc: Detected 1097.511 MHz processor
[    2.091549] Calibrating delay loop (skipped) preset value.. 2195.02 BogoMIPS (lpj=4390044)
[    2.158729] pid_max: default: 32768 minimum: 301
[    2.165949] ACPI: Core revision 20150930
[    2.178726] ACPI: 2 ACPI AML tables successfully acquired and loaded
[    2.188966] Security Framework initialized
[    2.197725] Yama: becoming mindful.
[    2.203339] AppArmor: AppArmor initialized
[    2.278996] Dentry cache hash table entries: 131072 (order: 8, 1048576 bytes)
[    2.312727] Inode-cache hash table entries: 65536 (order: 7, 524288 bytes)
[    2.389183] Mount-cache hash table entries: 2048 (order: 2, 16384 bytes)
[    2.419810] Mountpoint-cache hash table entries: 2048 (order: 2, 16384 bytes)
[    2.489499] Initializing cgroup subsys io
[    2.498183] Initializing cgroup subsys memory
[    2.515614] Initializing cgroup subsys devices
[    2.585538] Initializing cgroup subsys freezer
[    2.625083] Initializing cgroup subsys net_cls
[    2.631105] Initializing cgroup subsys perf_event
[    2.635041] Initializing cgroup subsys net_prio
[    2.637674] Initializing cgroup subsys hugetlb
[    2.677859] Initializing cgroup subsys pids
[    2.684343] mce: CPU supports 0 MCE banks
[    2.691466] process: using mwait in idle threads
[    2.702788] Last level iTLB entries: 4KB 512, 2MB 8, 4MB 8
[    2.780651] Last level dTLB entries: 4KB 512, 2MB 32, 4MB 32, 1GB 0
[    2.819152] Spectre V1 : Mitigation: usercopy/swapgs barriers and __user pointer sanitization
[    2.897098] Spectre V2 : Mitigation: Full generic retpoline
[    2.903954] Spectre V2 : Spectre v2 / SpectreRSB mitigation: Filling RSB on context switch
[    2.936249] Speculative Store Bypass: Vulnerable
[    2.996269] MDS: Vulnerable: Clear CPU buffers attempted, no microcode
[    3.209164] Freeing SMP alternatives memory: 36K
[    3.238138] ftrace: allocating 32301 entries in 127 pages
[    3.622575] smpboot: APIC(0) Converting physical 0 to logical package 0
[    3.641150] smpboot: Max logical packages: 1
[    3.645615] x2apic enabled
[    3.648361] Switched APIC routing to physical x2apic.
[    3.655983] ..TIMER: vector=0x30 apic1=0 pin1=2 apic2=-1 pin2=-1
[    3.829376] smpboot: CPU0: Intel(R) Celeron(R) CPU 847 @ 1.10GHz (family: 0x6, model: 0x2a, stepping: 0x7)
[    3.857734] Performance Events: unsupported p6 CPU model 42 no PMU driver, software events only.
[    3.964153] KVM setup paravirtual spinlock
[    4.030029] x86: Booted up 1 node, 1 CPUs
[    4.041608] smpboot: Total of 1 processors activated (2195.02 BogoMIPS)
[    4.059456] devtmpfs: initialized
[    4.075353] evm: security.selinux
[    4.132840] evm: security.SMACK64
[    4.143468] evm: security.SMACK64EXEC
[    4.149536] evm: security.SMACK64TRANSMUTE
[    4.154934] evm: security.SMACK64MMAP
[    4.171649] evm: security.ima
[    4.182800] evm: security.capability
[    4.187413] clocksource: jiffies: mask: 0xffffffff max_cycles: 0xffffffff, max_idle_ns: 7645041785100000 ns
[    4.251486] futex hash table entries: 256 (order: 2, 16384 bytes)
[    4.274662] pinctrl core: initialized pinctrl subsystem
[    4.346754] RTC time:  4:57:55, date: 11/29/19
[    4.351202] NET: Registered protocol family 16
[    4.354732] cpuidle: using governor ladder
[    4.361832] cpuidle: using governor menu
[    4.375107] PCCT header not found.
[    4.385318] ACPI: bus type PCI registered
[    4.396064] acpiphp: ACPI Hot Plug PCI Controller Driver version: 0.5
[    4.445143] PCI: Using configuration type 1 for base access
[    4.453265] ACPI: Added _OSI(Module Device)
[    4.468729] ACPI: Added _OSI(Processor Device)
[    4.478961] ACPI: Added _OSI(3.0 _SCP Extensions)
[    4.483372] ACPI: Added _OSI(Processor Aggregator Device)
[    4.546895] ACPI: Executed 1 blocks of module-level executable AML code
[    4.654797] ACPI: Interpreter enabled
[    4.680756] ACPI: (supports S0 S5)
[    4.691392] ACPI: Using IOAPIC for interrupt routing
[    4.703676] PCI: Using host bridge windows from ACPI; if necessary, use "pci=nocrs" and report a bug
[    4.759261] ACPI: PCI Root Bridge [PCI0] (domain 0000 [bus 00-ff])
[    4.768353] acpi PNP0A03:00: _OSC: OS supports [ASPM ClockPM Segments MSI]
[    4.774215] acpi PNP0A03:00: _OSC: not requesting OS control; OS requires [ExtendedConfig ASPM ClockPM MSI]
[    4.795716] acpi PNP0A03:00: fail to add MMCONFIG information, can't access extended PCI configuration space under this bridge.
[    4.885049] PCI host bridge to bus 0000:00
[    4.902365] pci_bus 0000:00: root bus resource [io  0x0000-0x0cf7 window]
[    4.973862] pci_bus 0000:00: root bus resource [io  0x0d00-0xffff window]
[    4.982721] pci_bus 0000:00: root bus resource [mem 0x000a0000-0x000bffff window]
[    4.993067] pci_bus 0000:00: root bus resource [mem 0x2d000000-0xffdfffff window]
[    4.999099] pci_bus 0000:00: root bus resource [bus 00-ff]
[    5.070953] pci 0000:00:01.1: legacy IDE quirk: reg 0x10: [io  0x01f0-0x01f7]
[    5.088194] pci 0000:00:01.1: legacy IDE quirk: reg 0x14: [io  0x03f6]
[    5.099258] pci 0000:00:01.1: legacy IDE quirk: reg 0x18: [io  0x0170-0x0177]
[    5.111751] pci 0000:00:01.1: legacy IDE quirk: reg 0x1c: [io  0x0376]
[    5.202244] pci 0000:00:07.0: quirk: [io  0x4000-0x403f] claimed by PIIX4 ACPI
[    5.273189] pci 0000:00:07.0: quirk: [io  0x4100-0x410f] claimed by PIIX4 SMB
[    5.389772] ACPI: PCI Interrupt Link [LNKA] (IRQs 5 9 10 *11)
[    5.406688] ACPI: PCI Interrupt Link [LNKB] (IRQs 5 9 10 *11)
[    5.416798] ACPI: PCI Interrupt Link [LNKC] (IRQs 5 9 *10 11)
[    5.482968] ACPI: PCI Interrupt Link [LNKD] (IRQs 5 *9 10 11)
[    5.493618] ACPI: Enabled 2 GPEs in block 00 to 07
[    5.499572] vgaarb: setting as boot device: PCI:0000:00:02.0
[    5.504565] vgaarb: device added: PCI:0000:00:02.0,decodes=io+mem,owns=io+mem,locks=none
[    5.514455] vgaarb: loaded
[    5.517801] vgaarb: bridge control possible 0000:00:02.0
[    5.523864] SCSI subsystem initialized
[    5.540180] ACPI: bus type USB registered
[    5.584451] usbcore: registered new interface driver usbfs
[    5.590439] usbcore: registered new interface driver hub
[    5.601502] usbcore: registered new device driver usb
[    5.608201] PCI: Using ACPI for IRQ routing
[    5.613286] NetLabel: Initializing
[    5.621841] NetLabel:  domain hash size = 128
[    5.626090] NetLabel:  protocols = UNLABELED CIPSOv4
[    5.690754] NetLabel:  unlabeled traffic allowed by default
[    5.715472] amd_nb: Cannot enumerate AMD northbridges
[    5.788626] clocksource: Switched to clocksource kvm-clock
[    5.821584] AppArmor: AppArmor Filesystem Enabled
[    5.892918] pnp: PnP ACPI init
[    5.900579] pnp: PnP ACPI: found 3 devices
[    5.941860] clocksource: acpi_pm: mask: 0xffffff max_cycles: 0xffffff, max_idle_ns: 2085701024 ns
[    6.006316] NET: Registered protocol family 2
[    6.011261] TCP established hash table entries: 8192 (order: 4, 65536 bytes)
[    6.035445] TCP bind hash table entries: 8192 (order: 5, 131072 bytes)
[    6.043072] TCP: Hash tables configured (established 8192 bind 8192)
[    6.104672] UDP hash table entries: 512 (order: 2, 16384 bytes)
[    6.112322] UDP-Lite hash table entries: 512 (order: 2, 16384 bytes)
[    6.134583] NET: Registered protocol family 1
[    6.145597] pci 0000:00:00.0: Limiting direct PCI/PCI transfers
[    6.204850] pci 0000:00:01.0: Activating ISA DMA hang workarounds
[    6.214314] Unpacking initramfs...
[    7.582076] Freeing initrd memory: 14836K
[    7.587302] RAPL PMU detected, API unit is 2^-32 Joules, 3 fixed counters 10737418240 ms ovfl timer
[    7.641047] hw unit of domain pp0-core 2^-0 Joules
[    7.650121] hw unit of domain package 2^-0 Joules
[    7.665068] hw unit of domain pp1-gpu 2^-0 Joules
[    7.681649] clocksource: tsc: mask: 0xffffffffffffffff max_cycles: 0xfd1ea2093c, max_idle_ns: 440795227812 ns
[    7.747295] platform rtc_cmos: registered platform RTC device (no PNP device found)
[    7.754832] Scanning for low memory corruption every 60 seconds
[    7.765228] audit: initializing netlink subsys (disabled)
[    7.770420] audit: type=2000 audit(1575003485.152:1): initialized
[    7.779267] Initialise system trusted keyring
[    7.804357] HugeTLB registered 2 MB page size, pre-allocated 0 pages
[    7.819202] zbud: loaded
[    7.838718] VFS: Disk quotas dquot_6.6.0
[    7.845399] VFS: Dquot-cache hash table entries: 512 (order 0, 4096 bytes)
[    7.855363] squashfs: version 4.0 (2009/01/31) Phillip Lougher
[    7.872390] fuse init (API version 7.23)
[    7.881866] Key type big_key registered
[    7.887546] Allocating IMA MOK and blacklist keyrings.
[    7.902896] Key type asymmetric registered
[    7.911907] Asymmetric key parser 'x509' registered
[    7.945171] Block layer SCSI generic (bsg) driver version 0.4 loaded (major 249)
[    7.958224] io scheduler noop registered
[    7.964847] io scheduler deadline registered (default)
[    7.975904] io scheduler cfq registered
[    7.980754] pci_hotplug: PCI Hot Plug PCI Core version: 0.5
[    7.998556] pciehp: PCI Express Hot Plug Controller Driver version: 0.4
[    8.019391] ACPI: AC Adapter [AC] (on-line)
[    8.049624] input: Power Button as /devices/LNXSYSTM:00/LNXPWRBN:00/input/input0
[    8.071038] ACPI: Power Button [PWRF]
[    8.074389] input: Sleep Button as /devices/LNXSYSTM:00/LNXSLPBN:00/input/input1
[    8.090357] ACPI: Sleep Button [SLPF]
[    8.102225] ACPI: Battery Slot [BAT0] (battery present)
[    8.154735] GHES: HEST is not enabled!
[    8.162747] Serial: 8250/16550 driver, 32 ports, IRQ sharing enabled
[    8.199752] 00:02: ttyS0 at I/O 0x3f8 (irq = 4, base_baud = 115200) is a 16550A
[    8.221347] Linux agpgart interface v0.103
[    8.255175] loop: module loaded
[    8.263328] scsi host0: ata_piix
[    8.267114] scsi host1: ata_piix
[    8.275594] ata1: PATA max UDMA/33 cmd 0x1f0 ctl 0x3f6 bmdma 0xd000 irq 14
[    8.303826] ata2: PATA max UDMA/33 cmd 0x170 ctl 0x376 bmdma 0xd008 irq 15
[    8.368443] libphy: Fixed MDIO Bus: probed
[    8.371944] tun: Universal TUN/TAP device driver, 1.6
[    8.386504] tun: (C) 1999-2004 Max Krasnyansky <maxk@qualcomm.com>
[    8.397916] PPP generic driver version 2.4.2
[    8.410474] ehci_hcd: USB 2.0 'Enhanced' Host Controller (EHCI) Driver
[    8.466235] ehci-pci: EHCI PCI platform driver
[    8.471122] ehci-platform: EHCI generic platform driver
[    8.476371] ohci_hcd: USB 1.1 'Open' Host Controller (OHCI) Driver
[    8.486179] ohci-pci: OHCI PCI platform driver
[    8.490637] ohci-platform: OHCI generic platform driver
[    8.495788] uhci_hcd: USB Universal Host Controller Interface driver
[    8.501984] i8042: PNP: PS/2 Controller [PNP0303:PS2K,PNP0f03:PS2M] at 0x60,0x64 irq 1,12
[    8.578071] serio: i8042 KBD port at 0x60,0x64 irq 1
[    8.595686] serio: i8042 AUX port at 0x60,0x64 irq 12
[    8.600879] mousedev: PS/2 mouse device common for all mice
[    8.678591] input: AT Translated Set 2 keyboard as /devices/platform/i8042/serio0/input/input2
[    8.701751] rtc_cmos rtc_cmos: rtc core: registered rtc_cmos as rtc0
[    8.721738] rtc_cmos rtc_cmos: alarms up to one day, 114 bytes nvram
[    8.726348] i2c /dev entries driver
[    8.771843] device-mapper: uevent: version 1.0.3
[    8.776220] device-mapper: ioctl: 4.34.0-ioctl (2015-10-28) initialised: dm-devel@redhat.com
[    8.788051] ledtrig-cpu: registered to indicate activity on CPUs
[    8.793963] NET: Registered protocol family 10
[    8.799166] NET: Registered protocol family 17
[    8.803431] Key type dns_resolver registered
[    8.808960] registered taskstats version 1
[    8.812752] Loading compiled-in X.509 certificates
[    8.821490] Loaded X.509 cert 'Build time autogenerated kernel key: ef3203c14e3994470d47ef6a7e15c1ade40f8e1e'
[    8.830220] zswap: loaded using pool lzo/zbud
[    8.840965] Key type trusted registered
[    8.896313] Key type encrypted registered
[    8.908397] AppArmor: AppArmor sha1 policy hashing enabled
[    8.921284] ima: No TPM chip found, activating TPM-bypass!
[    8.925670] ima: Allocated hash algorithm: sha1
[    8.929916] evm: HMAC attrs: 0x1
[    8.939499]   Magic number: 11:76:971
[    8.954370] rtc_cmos rtc_cmos: setting system clock to 2019-11-29 04:57:59 UTC (1575003479)
[    8.980052] BIOS EDD facility v0.16 2004-Jun-25, 0 devices found
[    8.988994] EDD information not available.
[    8.997775] Freeing unused kernel memory: 1488K
[    9.002280] Write protecting the kernel read-only data: 14336k
[    9.008783] Freeing unused kernel memory: 1604K
[    9.013817] Freeing unused kernel memory: 60K
Loading, please wait...
starting version 229
[    9.163567] random: systemd-udevd: uninitialized urandom read (16 bytes read, 4 bits of entropy available)
[    9.180596] random: udevadm: uninitialized urandom read (16 bytes read, 4 bits of entropy available)
[    9.210588] random: udevadm: uninitialized urandom read (16 bytes read, 4 bits of entropy available)
[    9.222023] random: systemd-udevd: uninitialized urandom read (16 bytes read, 4 bits of entropy available)
[    9.236900] random: systemd-udevd: uninitialized urandom read (16 bytes read, 4 bits of entropy available)
[    9.252867] random: systemd-udevd: uninitialized urandom read (16 bytes read, 4 bits of entropy available)
[    9.305714] random: systemd-udevd: uninitialized urandom read (16 bytes read, 4 bits of entropy available)
[    9.320825] random: systemd-udevd: uninitialized urandom read (16 bytes read, 4 bits of entropy available)
[    9.336424] random: systemd-udevd: uninitialized urandom read (16 bytes read, 4 bits of entropy available)
[    9.353463] random: udevadm: uninitialized urandom read (16 bytes read, 4 bits of entropy available)
[    9.981387] Fusion MPT base driver 3.04.20
[    9.985099] Copyright (c) 1999-2008 LSI Corporation
[   10.219510] input: ImExPS/2 Generic Explorer Mouse as /devices/platform/i8042/serio1/input/input4
[   10.239036] e1000: Intel(R) PRO/1000 Network Driver - version 7.3.21-k8-NAPI
[   10.244944] e1000: Copyright (c) 1999-2006 Intel Corporation.
[   10.481175] Fusion MPT SPI Host driver 3.04.20
[   11.375575] e1000 0000:00:03.0 eth0: (PCI:33MHz:32-bit) 02:39:67:e0:78:98
[   11.408297] e1000 0000:00:03.0 eth0: Intel(R) PRO/1000 Network Connection
[   11.422316] e1000 0000:00:03.0 enp0s3: renamed from eth0
[   11.431352] mptbase: ioc0: Initiating bringup
[   11.505127] ioc0: LSI53C1030 A0: Capabilities={Initiator}
[   11.712322] scsi host2: ioc0: LSI53C1030 A0, FwRev=00000000h, Ports=1, MaxQ=256, IRQ=20
[   11.834687] scsi 2:0:0:0: Direct-Access     VBOX     HARDDISK         1.0  PQ: 0 ANSI: 5
[   11.852484] scsi target2:0:0: Beginning Domain Validation
[   11.925123] scsi target2:0:0: Domain Validation skipping write tests
[   11.930515] scsi target2:0:0: Ending Domain Validation
[   11.937518] scsi target2:0:0: asynchronous
[   11.943390] scsi 2:0:1:0: Direct-Access     VBOX     HARDDISK         1.0  PQ: 0 ANSI: 5
[   11.952598] scsi target2:0:1: Beginning Domain Validation
[   11.961638] scsi target2:0:1: Domain Validation skipping write tests
[   11.967703] scsi target2:0:1: Ending Domain Validation
[   11.972926] scsi target2:0:1: asynchronous
[   12.043360] sd 2:0:0:0: Attached scsi generic sg0 type 0
[   12.055670] sd 2:0:0:0: [sda] 20971520 512-byte logical blocks: (10.7 GB/10.0 GiB)
[   12.065645] sd 2:0:1:0: [sdb] 20480 512-byte logical blocks: (10.5 MB/10.0 MiB)
[   12.075891] sd 2:0:1:0: Attached scsi generic sg1 type 0
[   12.128114] sd 2:0:1:0: [sdb] Write Protect is off
[   12.132646] sd 2:0:0:0: [sda] Write Protect is off
[   12.140305] sd 2:0:1:0: [sdb] Incomplete mode parameter data
[   12.146125] sd 2:0:1:0: [sdb] Assuming drive cache: write through
[   12.153264] sd 2:0:0:0: [sda] Incomplete mode parameter data
[   12.158226] sd 2:0:0:0: [sda] Assuming drive cache: write through
[   12.205147]  sda: sda1
[   12.210660] sd 2:0:0:0: [sda] Attached SCSI disk
[   12.228456] sd 2:0:1:0: [sdb] Attached SCSI disk
Begin: Loading essential drivers ... [   15.380106] md: linear personality registered for level -1
[   15.401629] md: multipath personality registered for level -4
[   15.431285] md: raid0 personality registered for level 0
[   15.449831] md: raid1 personality registered for level 1
[   15.583537] raid6: sse2x1   gen()   746 MB/s
[   15.652970] raid6: sse2x1   xor()  1919 MB/s
[   15.786583] raid6: sse2x2   gen()  2113 MB/s
[   15.889730] raid6: sse2x2   xor()  1534 MB/s
[   15.994582] raid6: sse2x4   gen()  2835 MB/s
[   16.099616] raid6: sse2x4   xor()  1509 MB/s
[   16.105808] raid6: using algorithm sse2x4 gen() 2835 MB/s
[   16.131957] raid6: .... xor() 1509 MB/s, rmw enabled
[   16.152215] raid6: using ssse3x2 recovery algorithm
[   16.213905] xor: measuring software checksum speed
[   16.257082]    prefetch64-sse:  5367.000 MB/sec
[   16.329054]    generic_sse:  4646.000 MB/sec
[   16.332770] xor: using function: prefetch64-sse (5367.000 MB/sec)
[   16.345110] async_tx: api initialized (async)
[   16.431428] md: raid6 personality registered for level 6
[   16.436456] md: raid5 personality registered for level 5
[   16.448584] md: raid4 personality registered for level 4
[   16.549721] md: raid10 personality registered for level 10
done.
Begin: Running /scripts/init-premount ... done.
Begin: Mounting root file system ... Begin: Running /scripts/local-top ... done.
Begin: Running /scripts/local-premount ... [   16.761674] Btrfs loaded
Scanning for Btrfs filesystems
done.
Warning: fsck not present, so skipping root file system
[   21.637911] random: nonblocking pool is initialized
[   21.656088] EXT4-fs (sda1): mounted filesystem with ordered data mode. Opts: (null)
done.
Begin: Running /scripts/local-bottom ... done.
Begin: Running /scripts/init-bottom ... done.
[   23.331055] systemd[1]: systemd 229 running in system mode. (+PAM +AUDIT +SELINUX +IMA +APPARMOR +SMACK +SYSVINIT +UTMP +LIBCRYPTSETUP +GCRYPT +GNUTLS +ACL +XZ -LZ4 +SECCOMP +BLKID +ELFUTILS +KMOD -IDN)
[   23.346644] systemd[1]: Detected virtualization oracle.
[   23.355519] systemd[1]: Detected architecture x86-64.

Welcome to [1mUbuntu 16.04.6 LTS[0m!

[   23.442941] systemd[1]: Set hostname to <ubuntu>.
[   23.478637] systemd[1]: Initializing machine ID from random generator.
[   23.485767] systemd[1]: Installed transient /etc/machine-id file.
[   25.728586] systemd[1]: Reached target System Time Synchronized.
[[0;32m  OK  [0m] Reached target System Time Synchronized.
[   25.743836] systemd[1]: Listening on udev Control Socket.
[[0;32m  OK  [0m] Listening on udev Control Socket.
[   25.757514] systemd[1]: Reached target Encrypted Volumes.
[[0;32m  OK  [0m] Reached target Encrypted Volumes.
[   25.768564] systemd[1]: Listening on Device-mapper event daemon FIFOs.
[[0;32m  OK  [0m] Listening on Device-mapper event daemon FIFOs.
[   25.787241] systemd[1]: Listening on Journal Audit Socket.
[[0;32m  OK  [0m] Listening on Journal Audit Socket.
[   25.798891] systemd[1]: Listening on LVM2 metadata daemon socket.
[[0;32m  OK  [0m] Listening on LVM2 metadata daemon socket.
[   25.811497] systemd[1]: Listening on Syslog Socket.
[[0;32m  OK  [0m] Listening on Syslog Socket.
[   25.825953] systemd[1]: Set up automount Arbitrary Executable File Formats File System Automount Point.
[[0;32m  OK  [0m] Set up automount Arbitrary Executab...ats File System Automount Point.
[   25.843489] systemd[1]: Listening on Journal Socket.
[[0;32m  OK  [0m] Listening on Journal Socket.
[   25.855987] systemd[1]: Listening on udev Kernel Socket.
[[0;32m  OK  [0m] Listening on udev Kernel Socket.
[   25.867422] systemd[1]: Listening on LVM2 poll daemon socket.
[[0;32m  OK  [0m] Listening on LVM2 poll daemon socket.
[   25.911474] systemd[1]: Started Trigger resolvconf update for networkd DNS.
[[0;32m  OK  [0m] Started Trigger resolvconf update for networkd DNS.
[   25.927643] systemd[1]: Started Forward Password Requests to Wall Directory Watch.
[[0;32m  OK  [0m] Started Forward Password Requests to Wall Directory Watch.
[   25.947047] systemd[1]: Created slice User and Session Slice.
[[0;32m  OK  [0m] Created slice User and Session Slice.
[   25.961063] systemd[1]: Reached target Swap.
[[0;32m  OK  [0m] Reached target Swap.
[   25.971996] systemd[1]: Listening on Journal Socket (/dev/log).
[[0;32m  OK  [0m] Listening on Journal Socket (/dev/log).
[   25.990750] systemd[1]: Listening on /dev/initctl Compatibility Named Pipe.
[[0;32m  OK  [0m] Listening on /dev/initctl Compatibility Named Pipe.
[   26.006385] systemd[1]: Reached target User and Group Name Lookups.
[[0;32m  OK  [0m] Reached target User and Group Name Lookups.
[   26.022079] systemd[1]: Created slice System Slice.
[[0;32m  OK  [0m] Created slice System Slice.
[   26.037934] systemd[1]: Starting Journal Service...
         Starting Journal Service...
[   26.055871] systemd[1]: Starting Nameserver information manager...
         Starting Nameserver information manager...
[   26.141277] systemd[1]: Starting Create list of required static device nodes for the current kernel...
         Starting Create list of required st... nodes for the current kernel...
[   26.263850] systemd[1]: Starting Uncomplicated firewall...
         Starting Uncomplicated firewall...
[   26.292441] systemd[1]: Mounting Huge Pages File System...
         Mounting Huge Pages File System...
[   26.314462] systemd[1]: Created slice system-serial\x2dgetty.slice.
[[0;32m  OK  [0m] Created slice system-serial\x2dgetty.slice.
[   26.364664] systemd[1]: Starting Monitoring of LVM2 mirrors, snapshots etc. using dmeventd or progress polling...
         Starting Monitoring of LVM2 mirrors... dmeventd or progress polling...
[   26.468207] systemd[1]: Starting Load Kernel Modules...
         Starting Load Kernel Modules...
[   26.492109] systemd[1]: Mounting Debug File System...
         Mounting Debug File System...
[   26.563633] systemd[1]: Starting Set console keymap...
         Starting Set console keymap...
[   26.600694] systemd[1]: Starting Remount Root and Kernel File Systems...
         Starting Remount Root and Kernel File Systems...
[   26.631367] systemd[1]: Reached target Slices.
[[0;32m  OK  [0m] Reached target Slices.
[   26.701165] EXT4-fs (sda1): re-mounted. Opts: (null)
[   26.771365] systemd[1]: Mounting POSIX Message Queue File System...
         Mounting POSIX Message Queue File System...
[   26.870916] systemd[1]: Mounted Debug File System.
[   26.900506] Loading iSCSI transport class v2.0-870.
[[0;32m  OK  [0m] Mounted Debug File System.
[   26.914414] systemd[1]: Mounted Huge Pages File System.
[[0;32m  OK  [0m] Mounted Huge Pages File System.
[   26.983128] systemd[1]: Mounted POSIX Message Queue File System.
[[0;32m  OK  [0m] Mounted POSIX Message Queue File System.
[   27.001114] systemd[1]: Started Journal Service.
[[0;32m  OK  [0m] Started Journal Service.
[[0;32m  OK  [0m] Started Create list of required sta...ce nodes for the current kernel.
[[0;32m  OK  [0m] Started Uncomplicated firewall.
[[0;32m  OK  [0m] Started Remount Root and Kernel File Systems.
         Starting udev Coldplug all Devices...
         [   27.657161] iscsi: registered transport (tcp)
Starting Load/Save Random Seed...
         Starting Create Static Device Nodes in /dev...
         Starting Flush Journal to Persistent Storage...
[[0;32m  OK  [0m] Started Nameserver information manager.
[[0;32m  OK  [0m] Started Load/Save Random Seed.
[   28.175679] systemd-journald[343]: Received request to flush runtime journal from PID 1
[[0;32m  OK  [0m] Started LVM2 metadata daemon.
[[0;32m  OK  [0m] Started Flush Journal to Persistent Storage.
[[0;32m  OK  [0m] Started Create Static Device Nodes in /dev.
         Starting udev Kernel Device Manager...
[[0;32m  OK  [0m] Started udev Coldplug all Devices.
[[0;32m  OK  [0m] Started Set console keymap.
[[0;32m  OK  [0m] Started Monitoring of LVM2 mirrors,...ng dmeventd or progress polling.
[[0;32m  OK  [0m] Reached target Local File Systems (Pre).
[[0;32m  OK  [0m] [   30.061602] iscsi: registered transport (iser)
Reached target Local File Systems.
         Starting Create Volatile Files and Directories...
         Starting Tell Plymouth To Write Out Runtime Data...
         Starting Set console font and keymap...
         Starting Commit a transient machine-id on disk...
         Starting LSB: AppArmor initialization...
         Starting Initial cloud-init job (pre-networking)...
[[0;32m  OK  [0m] Started Load Kernel Modules.
[[0;32m  OK  [0m] Started Tell Plymouth To Write Out Runtime Data.
[[0;32m  OK  [0m] Started Commit a transient machine-id on disk.
[[0;32m  OK  [0m] Started Create Volatile Files and Directories.
         Starting Update UTMP about System Boot/Shutdown...
         Mounting FUSE Control File System...
         Starting Apply Kernel Variables...
[[0;32m  OK  [0m] Mounted FUSE Control File System.
[[0;32m  OK  [0m] Started Update UTMP about System Boot/Shutdown.
[[0;32m  OK  [0m] Started Apply Kernel Variables.
[[0;32m  OK  [0m] Started udev Kernel Device Manager.
[[0;32m  OK  [0m] Started Dispatch Password Requests to Console Directory Watch.
[[0;32m  OK  [0m] Found device /dev/ttyS0.
[[0;32m  OK  [0m] Listening on Load/Save RF Kill Switch Status /dev/rfkill Watch.
[[0;32m  OK  [0m] Started LSB: AppArmor initialization.
[[0;32m  OK  [0m] Started Set console font and keymap.
[[0;32m  OK  [0m] Created slice system-getty.slice.
[   73.465746] cloud-init[452]: Cloud-init v. 19.2-36-g059d049c-0ubuntu2~16.04.1 running 'init-local' at Fri, 29 Nov 2019 04:59:06 +0000. Up 71.03 seconds.
[[0;32m  OK  [0m] Started Initial cloud-init job (pre-networking).
[[0;32m  OK  [0m] Reached target Network (Pre).
         Starting Raise network interfaces...
[[0;32m  OK  [0m] Started Raise network interfaces.
[[0;32m  OK  [0m] Reached target Network.
         Starting Initial cloud-init job (metadata service crawler)...
[   87.713834] cloud-init[942]: Cloud-init v. 19.2-36-g059d049c-0ubuntu2~16.04.1 running 'init' at Fri, 29 Nov 2019 04:59:14 +0000. Up 79.46 seconds.
[   87.725428] cloud-init[942]: ci-info: ++++++++++++++++++++++++++++++++++++++Net device info++++++++++++++++++++++++++++++++++++++
[   87.813363] cloud-init[942]: ci-info: +--------+------+----------------------------+---------------+--------+-------------------+
[   87.833242] cloud-init[942]: ci-info: | Device |  Up  |          Address           |      Mask     | Scope  |     Hw-Address    |
[   87.851260] cloud-init[942]: ci-info: +--------+------+----------------------------+---------------+--------+-------------------+
[   87.859611] cloud-init[942]: ci-info: | enp0s3 | True |         10.0.2.15          | 255.255.255.0 | global | 02:39:67:e0:78:98 |
[   87.924682] cloud-init[942]: ci-info: | enp0s3 | True | fe80::39:67ff:fee0:7898/64 |       .       |  link  | 02:39:67:e0:78:98 |
[   87.950087] cloud-init[942]: ci-info: |   lo   | True |         127.0.0.1          |   255.0.0.0   |  host  |         .         |
[   87.958749] cloud-init[942]: ci-info: |   lo   | True |          ::1/128           |       .       |  host  |         .         |
[   87.970532] cloud-init[942]: ci-info: +--------+------+----------------------------+---------------+--------+-------------------+
[   87.999541] cloud-init[942]: ci-info: +++++++++++++++++++++++++++Route IPv4 info++++++++++++++++++++++++++++
[   88.036072] cloud-init[942]: ci-info: +-------+-------------+----------+---------------+-----------+-------+
[   88.044557] cloud-init[942]: ci-info: | Route | Destination | Gateway  |    Genmask    | Interface | Flags |
[   88.069244] cloud-init[942]: ci-info: +-------+-------------+----------+---------------+-----------+-------+
[   88.131938] cloud-init[942]: ci-info: |   0   |   0.0.0.0   | 10.0.2.2 |    0.0.0.0    |   enp0s3  |   UG  |
[   88.154202] cloud-init[942]: ci-info: |   1   |   10.0.2.0  | 0.0.0.0  | 255.255.255.0 |   enp0s3  |   U   |
[   88.172275] cloud-init[942]: ci-info: +-------+-------------+----------+---------------+-----------+-------+
[   88.186087] cloud-init[942]: ci-info: +++++++++++++++++++Route IPv6 info+++++++++++++++++++
[   88.233783] cloud-init[942]: ci-info: +-------+-------------+---------+-----------+-------+
[   88.261707] cloud-init[942]: ci-info: | Route | Destination | Gateway | Interface | Flags |
[   88.335564] cloud-init[942]: ci-info: +-------+-------------+---------+-----------+-------+
[   88.337123] cloud-init[942]: ci-info: |   0   |  fe80::/64  |    ::   |   enp0s3  |   U   |
[   88.339946] cloud-init[942]: ci-info: |   4   |   ff00::/8  |    ::   |   enp0s3  |   U   |
[   88.340610] cloud-init[942]: ci-info: +-------+-------------+---------+-----------+-------+
[   88.341374] cloud-init[942]: Generating public/private rsa key pair.
[   88.342105] cloud-init[942]: Your identification has been saved in /etc/ssh/ssh_host_rsa_key.
[   88.342674] cloud-init[942]: Your public key has been saved in /etc/ssh/ssh_host_rsa_key.pub.
[   88.343553] cloud-init[942]: The key fingerprint is:
[[0;32m  OK  [0m] Started Initial cloud-init job (metadata service crawler).
[   88.347644] cloud-init[942]: SHA256:yCr7kVXJTr5/cgPw1Xc72AiPo106AYWMNMLTxNAD0us root@ubuntu-xenial[[0;32m  OK  [0m
[   88.454936] cloud-init[942]: The key's randomart image is:
[   88.461232] cloud-init] Reached target Cloud-config availability.
[[0;32m  OK  [0m] Reached target System Initialization.
[[0;32m  OK  [0m] Started Daily apt download activities.
[942]: +---[RSA 2048]----+
[   88.477701] cloud-init[942]: |   .o+O+o .      |
         Starting LXD - unix socket.
[[0;32m  OK  [0m] Listening on UUID daemon activation socket.
[[0;32m  OK  [0m] Listening on D-Bus System Message Bus Socket.
[[0;32m  OK  [0m] Listening on ACPID Listen Socket.
         Starting Socket activation for snappy daemon.
[[0;32m  OK  [0m] Started Daily Cleanup of Temporary Directories.
[[0;32m  OK  [0m] Started Daily apt upgrade and clean activities.
[   88.487750] cloud-init[942]: |    .+.B.+ .     |
[[0;32m  OK  [0m] Started ACPI Events Check.
[   88.572070] [[0;32m  OK  [0m] Reached target Paths.
[[0;32m  OK  [0m] Started Message of the Day.
[[0;32m  OK  [0m] Reached target Timers.
[[0;32m  OK  [0m] Reached target Network is Online.
cloud-init[942]: |      o * .  .   |
         Starting iSCSI initiator daemon (iscsid)...
[[0;32m  OK  [0m[   88.640139] cloud-init[942]: |     o *.. .. . o|
[   88.654492] cloud-init[942]: |    . + So..+ +.o|
[   88.654762] cloud-init[942]: |     E   .o+ = + |
[   88.655157] cloud-init[942]: |  . +   . o.=   .|
] Listening on LXD - unix socket.
[   88.658033] cloud-init[942]: |   o .   o.++    |
[   88.746563] cloud-init[942]: |  ...     .+..   |
[   88.772847] cloud-init[942]: +----[SHA256]-----+[[0;32m  OK  [0m] Listening on Socket activation for snappy daemon.

[   88.787448] cloud-init[942]: Generating public/private dsa key pair.
[   88.805511] cloud-init[942]: Your identification has been saved in /etc/ssh/ssh_host_dsa_key.
[   88.814806] cloud-init[942]: Your public key has been saved in /etc/ssh/ssh_host_dsa_key.pub.
[   88.857727] cloud-init[942]: The key fingerprint is:
[   88.896727] cloud-init[942]: SHA256:AVZZ3Ir1n6eGtDvwiuzXTw6gA6z9MpccWjJ5tqvVRog root@ubuntu-xenial[[0;32m  OK  [0m] Started iSCSI initiator daemon (iscsid).

[   88.925257] cloud-init[942]: The key's randomart image is:
[   88.957778] cloud-init[942]: +---[DSA 1024]----+
[   88.963892] cloud-init[942]: |      o..+..     |
[   88.968781] cloud-init[942]: |     . .. o .    |
[   89.067606] cloud-init[942]: |        .o o     |
[   89.068896] cloud-init[942]: |     . ..o. .    |
[   89.069203] cloud-init[942]: |      E.S o  . . |
[   89.069614] cloud-init[942]: |     o+.=+... o .|
[   89.069867] cloud-init[942]: |    . .O++o=.o.o |
[   89.070419] cloud-init[942]: |      ++=+. *+o  |
[   89.070693] cloud-init[942]: |      .**o...=o  |
[   89.070897] cloud-init[942]: +----[SHA256]-----+
[   89.072150] cloud-init[942]: Generating public/private ecdsa key pair.
[   89.072379] cloud-init[942]: Your identification has been saved in /etc/ssh/ssh_host_ecdsa_key.
[   89.072764] cloud-init[942]: Your public key has been saved in /etc/ssh/ssh_host_ecdsa_key.pub.
[   89.073777] cloud-init[942]: The key fingerprint is:
[   89.074556] cloud-init[942]: SHA256:ZmNFa0B0dJG9fgAwMCpDh27wnzJBfY4ANsnUIFlsYz4 root@ubuntu-xenial
[   89.074793] cloud-init[942]: The key's randomart image is:
[   89.075114] cloud-init[942]: +---[ECDSA 256]---+
[   89.075314] cloud-init[942]: |.*B=.o.o*o*.o+   |
[   89.075650] cloud-init[942]: |.oOo=....= +o .  |
[   89.075873] cloud-init[942]: | + *o..+  +  . . |
[   89.076143] cloud-init[942]: |  E =o. .o    o  |
[   89.076346] cloud-init[942]: |   o o .S    . . |
[   89.076860] cloud-init[942]: |    o o+ .    . .|
[   89.077192] cloud-init[942]: |     o         . |
[   89.077394] cloud-init[942]: |                 |
[   89.077826] cloud-init[942]: |                 |
[   89.078232] cloud-init[942]: +----[SHA256]-----+
[   89.078507] cloud-init[942]: Generating public/private ed25519 key pair.
[   89.078717] cloud-init[942]: Your identification has been saved in /etc/ssh/ssh_host_ed25519_key.
[   89.078914] cloud-init[942]: Your public key has been saved in /etc/ssh/ssh_host_ed25519_key.pub.
[   89.079215] cloud-init[942]: The key fingerprint is:
[   89.079565] cloud-init[942]: SHA256:wDAQmEtzK1oDySg28YhLrfqQucSg/dBVR2AI9RY5uVI root@ubuntu-xenial
[   89.079779] cloud-init[942]: The key's randomart image is:
[   89.080216] cloud-init[942]: +--[ED25519 256]--+
[   89.080420] cloud-init[942]: |o=+o+o..++.      |
[   89.080740] cloud-init[942]: |O*+. +.oEo       |
[   89.081077] cloud-init[942]: |==+o. o.+o.      |
[   89.081311] cloud-init[942]: |oo+.  .+..       |
[   89.081611] cloud-init[942]: |+o..  ..S        |
[   89.081813] cloud-init[942]: |*+ . .           |
[   89.082097] cloud-init[942]: |*oo .            |
[   89.082298] cloud-init[942]: |.+ o             |
[   89.083818] cloud-init[942]: |. . .            |
[   89.084366] cloud-init[942]: +----[SHA256]-----+
         Starting Login to default iSCSI targets...
[[0;32m  OK  [0m] Reached target Sockets.
[[0;32m  OK  [0m] Reached target Basic System.
         Starting Login Service...
         Starting LXD - container startup/shutdown...
[[0;32m  OK  [0m] Started Regular background program processing daemon.
         Starting /etc/rc.local Compatibility...
[[0;32m  OK  [0m] Started FUSE filesystem for LXC.
         Starting LSB: MD monitoring daemon...
         Starting Virtualbox guest utils...
         Starting Accounts Service...
[[0;32m  OK  [0m] Started Deferred execution scheduler.
         Starting LSB: Record successful boot for GRUB...
         Starting System Logging Service...
[[0;32m  OK  [0m] Started D-Bus System Message Bus.
[[0;32m  OK  [0m] Started ACPI event daemon.
         Starting Snappy daemon...
         Starting Pollinate to seed the pseudo random number generator...
[[0;32m  OK  [0m] Started System Logging Service.
[[0;32m  OK  [0m] Started /etc/rc.local Compatibility.
[[0;32m  OK  [0m] Started Login Service.
[[0;32m  OK  [0m] Started Unattended Upgrades Shutdown.
         Starting Authenticate and Authorize Users to Run Privileged Tasks...
[[0;32m  OK  [0m] Started Login to default iSCSI targets.
[[0;32m  OK  [0m] Reached target Remote File Systems (Pre).
[[0;32m  OK  [0m] Reached target Remote File Systems.
         Starting LSB: Set the CPU Frequency Scaling governor to "ondemand"...
         Starting LSB: automatic crash report generation...
         Starting Permit User Sessions...
         Starting LSB: daemon to balance interrupts for SMP systems...
[[0;32m  OK  [0m] Started LSB: MD monitoring daemon.
[[0;32m  OK  [0m] Started LSB: Record successful boot for GRUB.
[[0;32m  OK  [0m] Started Permit User Sessions.
         Starting Terminate Plymouth Boot Screen...
         Starting Hold until boot process finishes up...
[[0;32m  OK  [0m] Started Hold until boot process finishes up.
[[0;32m  OK  [0m] Started Terminate Plymouth Boot Screen.
[[0;32m  OK  [0m] Started Authenticate and Authorize Users to Run Privileged Tasks.
[[0;32m  OK  [0m] Started Accounts Service.
[[0;32m  OK  [0m] Started Getty on tty1.
         Starting Set console scheme...
[[0;32m  OK  [0m] Started Serial Getty on ttyS0.
[[0;32m  OK  [0m] Reached target Login Prompts.
[[0;32m  OK  [0m] Started LSB: Set the CPU Frequency Scaling governor to "ondemand".
[[0;32m  OK  [0m] Started LSB: daemon to balance interrupts for SMP systems.
[[0;32m  OK  [0m] Started Set console scheme.
[[0;32m  OK  [0m] Started LXD - container startup/shutdown.
[[0;32m  OK  [0m] Started LSB: automatic crash report generation.
[[0;32m  OK  [0m] Started Virtualbox guest utils.
[[0;32m  OK  [0m] Started Snappy daemon.
         Starting Wait until snapd is fully seeded...
[[0;32m  OK  [0m] Started Pollinate to seed the pseudo random number generator.
         Starting OpenBSD Secure Shell server...
[[0;32m  OK  [0m] Started OpenBSD Secure Shell server.

Ubuntu 16.04.6 LTS ubuntu-xenial ttyS0

ubuntu-xenial login: [  112.731432] cloud-init[1328]: Generating locales (this might take a while)...
[  123.488524] cloud-init[1328]:   en_US.UTF-8... done
[  123.490508] cloud-init[1328]: Generation complete.
[  129.705321] cloud-init[1328]: Cloud-init v. 19.2-36-g059d049c-0ubuntu2~16.04.1 running 'modules:config' at Fri, 29 Nov 2019 04:59:46 +0000. Up 110.99 seconds.
ci-info: no authorized ssh keys fingerprints found for user ubuntu.
<14>Nov 29 05:00:11 ec2: 
<14>Nov 29 05:00:11 ec2: #############################################################
<14>Nov 29 05:00:11 ec2: -----BEGIN SSH HOST KEY FINGERPRINTS-----
<14>Nov 29 05:00:11 ec2: 1024 SHA256:AVZZ3Ir1n6eGtDvwiuzXTw6gA6z9MpccWjJ5tqvVRog root@ubuntu-xenial (DSA)
<14>Nov 29 05:00:11 ec2: 256 SHA256:ZmNFa0B0dJG9fgAwMCpDh27wnzJBfY4ANsnUIFlsYz4 root@ubuntu-xenial (ECDSA)
<14>Nov 29 05:00:11 ec2: 256 SHA256:wDAQmEtzK1oDySg28YhLrfqQucSg/dBVR2AI9RY5uVI root@ubuntu-xenial (ED25519)
<14>Nov 29 05:00:11 ec2: 2048 SHA256:yCr7kVXJTr5/cgPw1Xc72AiPo106AYWMNMLTxNAD0us root@ubuntu-xenial (RSA)
<14>Nov 29 05:00:11 ec2: -----END SSH HOST KEY FINGERPRINTS-----
<14>Nov 29 05:00:11 ec2: #############################################################
-----BEGIN SSH HOST KEY KEYS-----
ecdsa-sha2-nistp256 AAAAE2VjZHNhLXNoYTItbmlzdHAyNTYAAAAIbmlzdHAyNTYAAABBBD8w/8dkB95RzRTNoaoTgONHbvZwuSL/aHdCn2Jh7q81/YmKeG+oBC1jqz2P0tl/LqbRJTFC9p1Lyln8CzlB5aY= root@ubuntu-xenial
ssh-ed25519 AAAAC3NzaC1lZDI1NTE5AAAAIJUW649b9JMGWrBhEQJ8Bhu5jz4NU81qq3CGFvO0SysX root@ubuntu-xenial
ssh-rsa AAAAB3NzaC1yc2EAAAADAQABAAABAQDJFaOFBSZ73gNRImZYH4W9ZxelWMjJYnlX4YHkU5bXLPVZmo0985LZhBSydSPPhjxETQ4xTK39naGBJtet7LLB2DCUe8RoZJZsN0Kh6guMMv8GMHluu0jXI1SP/XKrGUzU7WgudiNd6watzJI/5symrU8SC9b+9ESdMRFVs1Vvr3P66/hmoTB6rYmVq4oQjJ/ZLPJaO7VtTDfPCLs0pIlGx1O48c/IbqMhZCg3fLNJek9GHVnrOXet3k4kWMBRc0Z5EMRB8PwqgiPHlSY4+dkJ61ZqUNDM0TXPs7IM2ki9m8mZlMgUdj6vvHhwnduvAvqvCVC7c2Dl4z2Sigi8fzQx root@ubuntu-xenial
-----END SSH HOST KEY KEYS-----
[  136.424702] cloud-init[1590]: Cloud-init v. 19.2-36-g059d049c-0ubuntu2~16.04.1 running 'modules:final' at Fri, 29 Nov 2019 05:00:10 +0000. Up 134.86 seconds.
[  136.425525] cloud-init[1590]: ci-info: no authorized ssh keys fingerprints found for user ubuntu.
[  136.426150] cloud-init[1590]: Cloud-init v. 19.2-36-g059d049c-0ubuntu2~16.04.1 finished at Fri, 29 Nov 2019 05:00:11 +0000. Datasource DataSourceNoCloud [seed=/dev/sdb][dsmode=net].  Up 136.38 seconds
